INFO:root:Db tables created
WARNING:werkzeug: * Debugger is active!
INFO:werkzeug: * Debugger PIN: 514-776-919
INFO:werkzeug: * Detected change in 'e:\\flask-department-store\\app.py', reloading
INFO:root:Db tables created
WARNING:werkzeug: * Debugger is active!
INFO:werkzeug: * Debugger PIN: 514-776-919
INFO:root:Db tables created
INFO:werkzeug:[31m[1mWARNING: This is a development server. Do not use it in a production deployment. Use a production WSGI server instead.[0m
 * Running on http://127.0.0.1:5000
INFO:werkzeug:[33mPress CTRL+C to quit[0m
INFO:werkzeug: * Restarting with stat
INFO:root:Db tables created
WARNING:werkzeug: * Debugger is active!
INFO:werkzeug: * Debugger PIN: 514-776-919
INFO:db_setup:DB tables created
INFO:werkzeug:[31m[1mWARNING: This is a development server. Do not use it in a production deployment. Use a production WSGI server instead.[0m
 * Running on http://127.0.0.1:5000
INFO:werkzeug:[33mPress CTRL+C to quit[0m
INFO:werkzeug: * Restarting with stat
INFO:db_setup:DB tables created
WARNING:werkzeug: * Debugger is active!
INFO:werkzeug: * Debugger PIN: 514-776-919
INFO:werkzeug: * Detected change in 'e:\\flask-department-store\\app.py', reloading
INFO:werkzeug: * Restarting with stat
INFO:db_setup:DB tables created
WARNING:werkzeug: * Debugger is active!
INFO:werkzeug: * Debugger PIN: 514-776-919
INFO:werkzeug: * Detected change in 'e:\\flask-department-store\\service.py', reloading
INFO:werkzeug: * Restarting with stat
INFO:db_setup:DB tables created
WARNING:werkzeug: * Debugger is active!
INFO:werkzeug: * Debugger PIN: 514-776-919
INFO:werkzeug: * Detected change in 'e:\\flask-department-store\\service.py', reloading
INFO:werkzeug: * Restarting with stat
INFO:db_setup:DB tables created
WARNING:werkzeug: * Debugger is active!
INFO:werkzeug: * Debugger PIN: 514-776-919
INFO:werkzeug: * Detected change in 'e:\\flask-department-store\\service.py', reloading
INFO:werkzeug: * Restarting with stat
